{"name": "Print the page source", "status": "failed", "statusDetails": {"message": "AssertionError: assert 'CURA HealthCare Service' in 'CURA Healthcare Service'\n +  where 'CURA Healthcare Service' = <selenium.webdriver.chrome.webdriver.WebDriver (session=\"d6d987c3f9cd06d720149de25f8e154e\")>.title", "trace": "@allure.title(\"Print the page source\")\n    \n    def test_selenium():\n       driver=webdriver.Chrome()\n       driver.get(\"https://katalon-demo-cura.herokuapp.com/\")\n    \n       page_source_as_html= driver.page_source\n       print(driver.title)\n       print(driver.current_url)\n>      assert \"CURA HealthCare Service\" in driver.title\nE      assert 'CURA HealthCare Service' in 'CURA Healthcare Service'\nE       +  where 'CURA Healthcare Service' = <selenium.webdriver.chrome.webdriver.WebDriver (session=\"d6d987c3f9cd06d720149de25f8e154e\")>.title\n\nsrc\\ex_02_Selenium_Commands\\test_Selenium_Task.py:16: AssertionError"}, "attachments": [{"name": "stdout", "source": "6415f25a-4542-4813-adce-08fae38f3354-attachment.txt", "type": "text/plain"}], "start": 1766555950403, "stop": 1766555959086, "uuid": "1a946db7-209f-4497-a9fc-a2629c3bde65", "historyId": "2971adc66517171f5d8998a9a8b4f653", "testCaseId": "2971adc66517171f5d8998a9a8b4f653", "fullName": "src.ex_02_Selenium_Commands.test_Selenium_Task#test_selenium", "labels": [{"name": "parentSuite", "value": "src.ex_02_Selenium_Commands"}, {"name": "suite", "value": "test_Selenium_Task"}, {"name": "host", "value": "DESKTOP-8OS0836"}, {"name": "thread", "value": "17076-MainThread"}, {"name": "framework", "value": "pytest"}, {"name": "language", "value": "cpython3"}, {"name": "package", "value": "src.ex_02_Selenium_Commands.test_Selenium_Task"}], "titlePath": ["src", "ex_02_Selenium_Commands", "test_Selenium_Task.py"]}